16:49:44.604958 Detectify: check callback failed for the configuration
16:49:44.605076 CIRCL: check callback failed for the configuration
16:49:44.605082 Twitter: API key data was not provided
16:49:44.605098 Umbrella: API key data was not provided
16:49:44.605119 WhoisXMLAPI: check callback failed for the configuration
16:49:44.605125 VirusTotal: check callback failed for the configuration
16:49:44.605131 Yandex: check callback failed for the configuration
16:49:44.605099 Twitter: check callback failed for the configuration
16:49:44.605120 Umbrella: check callback failed for the configuration
16:49:44.604961 IPinfo: check callback failed for the configuration
16:49:44.604969 ASNLookup: check callback failed for the configuration
16:49:44.604980 LeakIX: check callback failed for the configuration
16:49:44.604981 DNSDB: API key data was not provided
16:49:44.605172 DNSDB: check callback failed for the configuration
16:49:44.604983 FOFA: check callback failed for the configuration
16:49:44.604995 Cloudflare: API key data was not provided
16:49:44.605000 BeVigil: check callback failed for the configuration
16:49:44.605005 FullHunt: check callback failed for the configuration
16:49:44.605003 NetworksDB: API key data was not provided
16:49:44.605011 Ahrefs: check callback failed for the configuration
16:49:44.605012 Chaos: check callback failed for the configuration
16:49:44.605013 GitHub: check callback failed for the configuration
16:49:44.605014 FacebookCT: check callback failed for the configuration
16:49:44.605015 IntelX: check callback failed for the configuration
16:49:44.605016 AlienVault: API key data was not provided
16:49:44.605021 Netlas: check callback failed for the configuration
16:49:44.605022 ONYPHE: check callback failed for the configuration
16:49:44.605024 GitLab: check callback failed for the configuration
16:49:44.605027 BigDataCloud: check callback failed for the configuration
16:49:44.605031 Spamhaus: check callback failed for the configuration
16:49:44.605034 CertCentral: check callback failed for the configuration
16:49:44.605041 PassiveTotal: check callback failed for the configuration
16:49:44.605044 BinaryEdge: check callback failed for the configuration
16:49:44.605049 Spyse: check callback failed for the configuration
16:49:44.605056 BuiltWith: check callback failed for the configuration
16:49:44.605061 SOCRadar: check callback failed for the configuration
16:49:44.605063 Hunter: check callback failed for the configuration
16:49:44.605066 C99: check callback failed for the configuration
16:49:44.605068 Pastebin: check callback failed for the configuration
16:49:44.605069 ThreatBook: check callback failed for the configuration
16:49:44.605073 PentestTools: check callback failed for the configuration
16:49:44.605083 IPdata: check callback failed for the configuration
16:49:44.605083 Quake: check callback failed for the configuration
16:49:44.605083 PublicWWW: check callback failed for the configuration
16:49:44.605091 SecurityTrails: check callback failed for the configuration
16:49:44.605097 Shodan: check callback failed for the configuration
16:49:44.605097 DNSRepo: check callback failed for the configuration
16:49:44.604958 360PassiveDNS: check callback failed for the configuration
16:49:44.605106 Censys: check callback failed for the configuration
16:49:44.604958 ZoomEye: check callback failed for the configuration
16:49:44.605112 DNSlytics: check callback failed for the configuration
16:49:44.605113 Deepinfo: check callback failed for the configuration
16:49:44.605128 ZETAlytics: check callback failed for the configuration
16:49:46.205016 Querying HackerTarget for usadhabhakti.com subdomains
16:49:46.205152 Querying Wayback for usadhabhakti.com subdomains
16:49:46.205161 Querying Greynoise for usadhabhakti.com subdomains
16:49:46.205265 Querying AlienVault for usadhabhakti.com subdomains
16:49:46.205317 Querying DuckDuckGo for usadhabhakti.com subdomains
16:49:46.205408 Querying Baidu for usadhabhakti.com subdomains
16:49:46.205455 Querying Crtsh for usadhabhakti.com subdomains
16:49:46.205493 Querying HAW for usadhabhakti.com subdomains
16:49:46.205546 Querying Bing for usadhabhakti.com subdomains
16:49:46.205280 Querying GoogleCT for usadhabhakti.com subdomains
16:49:46.205320 Querying Maltiverse for usadhabhakti.com subdomains
16:49:46.205459 Querying URLScan for usadhabhakti.com subdomains
16:49:46.205234 Querying Ask for usadhabhakti.com subdomains
16:49:46.205178 Querying Gists for usadhabhakti.com subdomains
16:49:46.205332 Querying Searchcode for usadhabhakti.com subdomains
16:49:46.205338 Querying DNSDumpster for usadhabhakti.com subdomains
16:49:46.205347 Querying Synapsint for usadhabhakti.com subdomains
16:49:46.205354 Querying HyperStat for usadhabhakti.com subdomains
16:49:46.205362 Querying ArchiveIt for usadhabhakti.com subdomains
16:49:46.205369 Querying RapidDNS for usadhabhakti.com subdomains
16:49:46.205379 Querying PKey for usadhabhakti.com subdomains
16:49:46.205386 Querying Riddler for usadhabhakti.com subdomains
16:49:46.205390 Querying ThreatMiner for usadhabhakti.com subdomains
16:49:46.205399 Querying Sublist3rAPI for usadhabhakti.com subdomains
16:49:46.205403 Querying Google for usadhabhakti.com subdomains
16:49:46.205404 Querying Arquivo for usadhabhakti.com subdomains
16:49:46.205413 Querying SiteDossier for usadhabhakti.com subdomains
16:49:46.205415 Querying Yahoo for usadhabhakti.com subdomains
16:49:46.205425 Querying CommonCrawl for usadhabhakti.com subdomains
16:49:46.205427 Querying UKWebArchive for usadhabhakti.com subdomains
16:49:46.205463 Querying Searx for usadhabhakti.com subdomains
16:49:46.205472 Querying Digitorus for usadhabhakti.com subdomains
16:49:46.205477 Querying BufferOver for usadhabhakti.com subdomains
16:49:46.205479 Querying AnubisDB for usadhabhakti.com subdomains
16:49:46.205478 Querying SonarSearch for usadhabhakti.com subdomains
16:49:46.205486 Querying HackerOne for usadhabhakti.com subdomains
16:49:46.205490 Querying DNSHistory for usadhabhakti.com subdomains
16:49:46.205495 Querying DNSSpy for usadhabhakti.com subdomains
16:49:46.205508 Querying Robtex for usadhabhakti.com subdomains
16:49:46.205500 Querying Pulsedive for usadhabhakti.com subdomains
16:49:46.205504 Querying CertSpotter for usadhabhakti.com subdomains
16:49:46.205508 Querying ThreatCrowd for usadhabhakti.com subdomains
16:49:46.205527 Querying Mnemonic for usadhabhakti.com subdomains
16:49:46.205532 Querying Brute Forcing for usadhabhakti.com subdomains
16:49:46.205518 Querying AbuseIPDB for usadhabhakti.com subdomains
16:49:46.396081 GoogleCT: vertical request to service failed: 400: 400 Bad Request
16:49:47.319348 BufferOver: scrape: Get "https://dns.bufferover.run/dns?q=.usadhabhakti.com": dial tcp: lookup dns.bufferover.run: no such host
16:49:47.454149 PKey: scrape: 403: 403 Forbidden
16:49:47.506369 Synapsint: scrape: 403: 403 Forbidden
16:49:47.630227 DNSSpy: scrape: 404: 404 Not Found
16:49:47.803684 Greynoise: vertical request to service failed: 404: 404 Not Found
16:49:48.535800 DNSHistory: vertical request to service failed: 403: 403 Forbidden
16:49:48.598455 Searchcode: scrape: 502: 502 Bad Gateway
16:49:49.357182 ArchiveIt: scrape: 403: 403 Forbidden
16:49:49.677421 UKWebArchive: scrape: 429: 429 Too Many Requests
16:49:50.929725 SiteDossier: scrape: 404: 404 No data available
16:49:51.839684 Arquivo: vertical request to service failed: 400: 400 Bad Request
16:49:57.197628 ThreatCrowd: vertical request to service failed: 503: 503 Service Temporarily Unavailable
16:50:01.935239 Searx: scrape: Post "https://searx.be/search": context canceled
16:50:01.935280 Yahoo: scrape: Get "https://consent.yahoo.com/v2/collectConsent?sessionId=3_cc-session_da5f60f0-db02-4215-b1b9-6e97e284bde9": context canceled
16:50:01.935285 CommonCrawl: scrape: Get "https://index.commoncrawl.org/CC-MAIN-2023-06-index?output=json&fl=url&url=*.usadhabhakti.com": context canceled
16:50:02.206438 Bing: scrape: Get "https://www.bing.com/search?FORM=PORE&first=151&q=domain%3Ausadhabhakti.com+-site%3Awww.usadhabhakti.com": context canceled
16:50:06.206500 Google: scrape: Get "https://www.google.com/search?bih=&biw=&btnG=Search&filter=0&gbv=1&hl=en&q=site%3A%2A.%2A.usadhabhakti.com+-www.%2A&start=0": context canceled
