{"logTime": "0319/163440", "correlationVector":"60s5RAyYY8zWuRploOJsHu.0","action":"FeedSettingFetch_homeCloud", "result":"0", "context":{}}
{"logTime": "0319/163443", "correlationVector":"60s5RAyYY8zWuRploOJsHu.0","action":"SyncServerConnectionManagerRequest", "result":"SYNC_SERVER_OK", "context":{"environment":"", "migrationStage":"", "server":""}}
{"logTime": "0319/163443", "correlationVector":"0Dk2OOFji/bcAd+DC6kmrk.1","action":"SyncServerConnectionManagerRequest", "result":"SYNC_SERVER_OK", "context":{"environment":"Prod_WestEurope_x00e", "migrationStage":"NotStarted", "server":"general01000016"}}
{"logTime": "0319/163443", "correlationVector":"0Dk2OOFji/bcAd+DC6kmrk","action":"Initial GetUpdates", "result":"", "context":Reason: NEW_CLIENT. cV=0Dk2OOFji/bcAd+DC6kmrk}
{"logTime": "0319/163443", "correlationVector":"0Dk2OOFji/bcAd+DC6kmrk.2","action":"GetUpdates Response", "result":"SYNCER_OK", "context":Received 1 update(s). cV=0Dk2OOFji/bcAd+DC6kmrk.0;server=general01000016;cloudType=Consumer;environment=Prod_WestEurope_x00e;migrationStage=NotStarted}
{"logTime": "0319/163443", "correlationVector":"VJiCzogG7MKQuyqt1TJn3J","action":"Initial GetUpdates", "result":"", "context":Reason: NEW_CLIENT. cV=VJiCzogG7MKQuyqt1TJn3J}
{"logTime": "0319/163443", "correlationVector":"VJiCzogG7MKQuyqt1TJn3J.1","action":"SyncServerConnectionManagerRequest", "result":"SYNC_SERVER_OK", "context":{"environment":"Prod_WestEurope_000l", "migrationStage":"NotStarted", "server":"GENERAL01000021"}}
{"logTime": "0319/163443", "correlationVector":"VJiCzogG7MKQuyqt1TJn3J.2","action":"GetUpdates Response", "result":"SYNCER_OK", "context":Received 47 update(s). cV=VJiCzogG7MKQuyqt1TJn3J.0;server=GENERAL01000021;cloudType=Consumer;environment=Prod_WestEurope_000l;migrationStage=NotStarted}
{"logTime": "0319/163443", "correlationVector":"Y2m2NURILlaet7Q29x1h9U","action":"Initial GetUpdates", "result":"", "context":Reason: NEW_CLIENT. cV=Y2m2NURILlaet7Q29x1h9U}
{"logTime": "0319/163443", "correlationVector":"Y2m2NURILlaet7Q29x1h9U.1","action":"SyncServerConnectionManagerRequest", "result":"SYNC_SERVER_OK", "context":{"environment":"Prod_WestEurope_x00e", "migrationStage":"NotStarted", "server":"general01000000"}}
{"logTime": "0319/163443", "correlationVector":"Y2m2NURILlaet7Q29x1h9U.2","action":"GetUpdates Response", "result":"SYNCER_OK", "context":Received 53 update(s). cV=Y2m2NURILlaet7Q29x1h9U.0;server=general01000000;cloudType=Consumer;environment=Prod_WestEurope_x00e;migrationStage=NotStarted}
{"logTime": "0319/163443", "correlationVector":"EWQip9NcAMklhngSZl3Izk","action":"Initial GetUpdates", "result":"", "context":Reason: NEW_CLIENT. cV=EWQip9NcAMklhngSZl3Izk}
{"logTime": "0319/163444", "correlationVector":"EWQip9NcAMklhngSZl3Izk.1","action":"SyncServerConnectionManagerRequest", "result":"SYNC_SERVER_OK", "context":{"environment":"Prod_WestEurope_x00e", "migrationStage":"NotStarted", "server":"general01000008"}}
{"logTime": "0319/163444", "correlationVector":"EWQip9NcAMklhngSZl3Izk.2","action":"GetUpdates Response", "result":"SERVER_MORE_TO_DOWNLOAD", "context":Received 9 update(s).  Some updates remain.}
{"logTime": "0319/163444", "correlationVector":"hmxY3K2TsSKxFnvoLf+dhG","action":"Initial GetUpdates", "result":"", "context":Reason: NEW_CLIENT. cV=hmxY3K2TsSKxFnvoLf+dhG}
{"logTime": "0319/163444", "correlationVector":"hmxY3K2TsSKxFnvoLf+dhG.1","action":"SyncServerConnectionManagerRequest", "result":"SYNC_SERVER_OK", "context":{"environment":"Prod_WestEurope_x00e", "migrationStage":"NotStarted", "server":"general01000014"}}
{"logTime": "0319/163444", "correlationVector":"hmxY3K2TsSKxFnvoLf+dhG.2","action":"GetUpdates Response", "result":"SERVER_MORE_TO_DOWNLOAD", "context":Received 31 update(s).  Some updates remain.}
{"logTime": "0319/163444", "correlationVector":"VRjskG8K+J5wB9WzOGMYGX","action":"Initial GetUpdates", "result":"", "context":Reason: NEW_CLIENT. cV=VRjskG8K+J5wB9WzOGMYGX}
{"logTime": "0319/163445", "correlationVector":"VRjskG8K+J5wB9WzOGMYGX.1","action":"SyncServerConnectionManagerRequest", "result":"SYNC_SERVER_OK", "context":{"environment":"Prod_WestEurope_x00e", "migrationStage":"NotStarted", "server":"general0100002L"}}
{"logTime": "0319/163445", "correlationVector":"VRjskG8K+J5wB9WzOGMYGX.2","action":"GetUpdates Response", "result":"SYNCER_OK", "context":Received 105 update(s). cV=VRjskG8K+J5wB9WzOGMYGX.0;server=general0100002L;cloudType=Consumer;environment=Prod_WestEurope_x00e;migrationStage=NotStarted}
{"logTime": "0319/163445", "correlationVector":"0psZaMc6nZxn7ZIiiAviVe","action":"Normal GetUpdate request", "result":"", "context":cV=0psZaMc6nZxn7ZIiiAviVe
Nudged types: Bookmarks, Preferences, Sessions, Device Info, User Consents
Refresh requested types: Bookmarks, Preferences, Passwords, Autofill Profiles, Autofill, Autofill Custom Data, Typed URLs, Extensions, Sessions, Extension settings, History Delete Directives, Device Info, User Consents, Send Tab To Self, Web Apps, Collection, Edge E Drop, Encryption Keys}
{"logTime": "0319/163445", "correlationVector":"0psZaMc6nZxn7ZIiiAviVe.1","action":"SyncServerConnectionManagerRequest", "result":"SYNC_SERVER_OK", "context":{"environment":"Prod_WestEurope_x00e", "migrationStage":"NotStarted", "server":"general0100000J"}}
{"logTime": "0319/163445", "correlationVector":"0psZaMc6nZxn7ZIiiAviVe.2","action":"GetUpdates Response", "result":"SYNCER_OK", "context":Received 0 update(s). cV=0psZaMc6nZxn7ZIiiAviVe.0;server=general0100000J;cloudType=Consumer;environment=Prod_WestEurope_x00e;migrationStage=NotStarted}
{"logTime": "0319/163445", "correlationVector":"Fq+cSq5Ii4JfEkiSlgPnjK","action":"Commit Request", "result":"", "context":Item count: 1
Contributing types: Device Info}
{"logTime": "0319/163445", "correlationVector":"Fq+cSq5Ii4JfEkiSlgPnjK.1","action":"SyncServerConnectionManagerRequest", "result":"SYNC_SERVER_OK", "context":{"environment":"Prod_WestEurope_x00e", "migrationStage":"NotStarted", "server":"general0100002O"}}
{"logTime": "0319/163445", "correlationVector":"Fq+cSq5Ii4JfEkiSlgPnjK.2","action":"Commit Response", "result":"SYNCER_OK", "context":Result: SYNCER_OK. cV=Fq+cSq5Ii4JfEkiSlgPnjK.0;server=general0100002O;cloudType=Consumer;environment=Prod_WestEurope_x00e;migrationStage=NotStarted}
{"logTime": "0319/163445", "correlationVector":"RKKLDQNVFsvoapvkYcqgJK","action":"Commit Request", "result":"", "context":Item count: 9
Contributing types: Bookmarks, Preferences, Sessions, User Consents}
{"logTime": "0319/163446", "correlationVector":"RKKLDQNVFsvoapvkYcqgJK.1","action":"SyncServerConnectionManagerRequest", "result":"SYNC_SERVER_OK", "context":{"environment":"Prod_WestEurope_x00e", "migrationStage":"NotStarted", "server":"general01000025"}}
{"logTime": "0319/163446", "correlationVector":"RKKLDQNVFsvoapvkYcqgJK.2","action":"Commit Response", "result":"SYNCER_OK", "context":Result: SYNCER_OK. cV=RKKLDQNVFsvoapvkYcqgJK.0;server=general01000025;cloudType=Consumer;environment=Prod_WestEurope_x00e;migrationStage=NotStarted}
{"logTime": "0319/163517", "correlationVector":"J6EZeYf4ZxdDHKpDN1Kolx","action":"Commit Request", "result":"", "context":Item count: 4
Contributing types: Sessions}
{"logTime": "0319/163518", "correlationVector":"J6EZeYf4ZxdDHKpDN1Kolx.1","action":"SyncServerConnectionManagerRequest", "result":"SYNC_SERVER_OK", "context":{"environment":"Prod_WestEurope_x00e", "migrationStage":"NotStarted", "server":"general01000028"}}
{"logTime": "0319/163518", "correlationVector":"J6EZeYf4ZxdDHKpDN1Kolx.2","action":"Commit Response", "result":"SYNCER_OK", "context":Result: SYNCER_OK. cV=J6EZeYf4ZxdDHKpDN1Kolx.0;server=general01000028;cloudType=Consumer;environment=Prod_WestEurope_x00e;migrationStage=NotStarted}
{"logTime": "0319/173618", "correlationVector":"TIcGfiWtviECTayqtnuNtB","action":"Commit Request", "result":"", "context":Item count: 3
Contributing types: Sessions}
{"logTime": "0319/173618", "correlationVector":"TIcGfiWtviECTayqtnuNtB.1","action":"SyncServerConnectionManagerRequest", "result":"SYNC_SERVER_OK", "context":{"environment":"Prod_WestEurope_000l", "migrationStage":"NotStarted", "server":"GENERAL0100000Z"}}
{"logTime": "0319/173618", "correlationVector":"TIcGfiWtviECTayqtnuNtB.3","action":"Commit.Sessions", "result":"Success", "context":{"id":"e836664a-f620-4f7e-9e17-5abfcd46975c", "isDeleted":"true", "size":"0", "version":"1679243717881"}}
{"logTime": "0319/173618", "correlationVector":"TIcGfiWtviECTayqtnuNtB.2","action":"Commit Response", "result":"SYNCER_OK", "context":Result: SYNCER_OK. cV=TIcGfiWtviECTayqtnuNtB.0;server=GENERAL0100000Z;cloudType=Consumer;environment=Prod_WestEurope_000l;migrationStage=NotStarted}
{"logTime": "0319/173757", "correlationVector":"I49BqdOnXEKhAKG9MvMRFp","action":"Commit Request", "result":"", "context":Item count: 2
Contributing types: Sessions}
{"logTime": "0319/173757", "correlationVector":"I49BqdOnXEKhAKG9MvMRFp.1","action":"SyncServerConnectionManagerRequest", "result":"SYNC_SERVER_OK", "context":{"environment":"Prod_WestEurope_000l", "migrationStage":"NotStarted", "server":"GENERAL0100000J"}}
{"logTime": "0319/173757", "correlationVector":"I49BqdOnXEKhAKG9MvMRFp.3","action":"Commit.Sessions", "result":"Success", "context":{"id":"6c734148-3b07-4bb7-b9c4-a44c8651d8fb", "isDeleted":"true", "size":"0", "version":"1679247378441"}}
{"logTime": "0319/173757", "correlationVector":"I49BqdOnXEKhAKG9MvMRFp.2","action":"Commit Response", "result":"SYNCER_OK", "context":Result: SYNCER_OK. cV=I49BqdOnXEKhAKG9MvMRFp.0;server=GENERAL0100000J;cloudType=Consumer;environment=Prod_WestEurope_000l;migrationStage=NotStarted}
{"logTime": "0319/174215", "correlationVector":"xlUcVSqNwMSvcVPJzmaXMQ","action":"Commit Request", "result":"", "context":Item count: 4
Contributing types: Sessions}
{"logTime": "0319/174215", "correlationVector":"xlUcVSqNwMSvcVPJzmaXMQ.1","action":"SyncServerConnectionManagerRequest", "result":"SYNC_SERVER_OK", "context":{"environment":"Prod_WestEurope_000l", "migrationStage":"NotStarted", "server":"GENERAL01000000"}}
{"logTime": "0319/174215", "correlationVector":"xlUcVSqNwMSvcVPJzmaXMQ.3","action":"Commit.Sessions", "result":"Success", "context":{"id":"6e68bfef-cf96-4701-81b9-1616fc3dcbbd", "isDeleted":"true", "size":"0", "version":"1679243685750"}}
{"logTime": "0319/174215", "correlationVector":"xlUcVSqNwMSvcVPJzmaXMQ.4","action":"Commit.Sessions", "result":"Success", "context":{"id":"d102396b-a350-4a76-8541-39d50d381a3e", "isDeleted":"true", "size":"0", "version":"1679243717883"}}
{"logTime": "0319/174215", "correlationVector":"xlUcVSqNwMSvcVPJzmaXMQ.5","action":"Commit.Sessions", "result":"Success", "context":{"id":"23612301-4cbb-457e-8352-2854a391c75d", "isDeleted":"true", "size":"0", "version":"1679243685751"}}
{"logTime": "0319/174215", "correlationVector":"xlUcVSqNwMSvcVPJzmaXMQ.2","action":"Commit Response", "result":"SYNCER_OK", "context":Result: SYNCER_OK. cV=xlUcVSqNwMSvcVPJzmaXMQ.0;server=GENERAL01000000;cloudType=Consumer;environment=Prod_WestEurope_000l;migrationStage=NotStarted}
