2022-12-27 14:42:57 Loading main app package /usr/lib/obsidian/obsidian.asar
2022-12-27 14:42:57 Checking for update using Github
2022-12-27 14:42:58 Success.
2022-12-27 14:42:58 Latest version is 1.1.9
2022-12-27 14:42:58 Downloading update from https://github.com/obsidianmd/obsidian-releases/releases/download/v1.1.9/obsidian-1.1.9.asar.gz
2022-12-27 14:42:58 Verifying hash & signature. Size= 5753685
2022-12-27 14:42:58 Saving file
2022-12-27 14:42:58 Update complete.
2022-12-27 19:32:34 Checking for update using Github
2022-12-27 19:32:34 Success.
2022-12-27 19:32:34 Latest version is 1.1.9
2022-12-27 19:32:34 An update is already downloaded.
2022-12-27 20:32:34 Checking for update using Github
2022-12-27 20:32:34 Success.
2022-12-27 20:32:34 Latest version is 1.1.9
2022-12-27 20:32:34 An update is already downloaded.
2022-12-27 21:32:34 Checking for update using Github
2022-12-27 21:32:34 Success.
2022-12-27 21:32:34 Latest version is 1.1.9
2022-12-27 21:32:34 An update is already downloaded.
2022-12-27 22:32:35 Checking for update using Github
2022-12-27 22:32:35 Success.
2022-12-27 22:32:35 Latest version is 1.1.9
2022-12-27 22:32:35 An update is already downloaded.
2022-12-27 23:32:35 Checking for update using Github
2022-12-27 23:32:35 Success.
2022-12-27 23:32:35 Latest version is 1.1.9
2022-12-27 23:32:35 An update is already downloaded.
2022-12-28 08:52:40 Loading updated app package /home/logy/.config/obsidian/obsidian-1.1.9.asar
2022-12-28 08:52:40 Checking for update using Github
2022-12-28 08:52:41 Success.
2022-12-28 08:52:41 Latest version is 1.1.9
2022-12-28 08:52:41 App is up to date.
2022-12-28 09:52:40 Checking for update using Github
2022-12-28 09:52:40 Success.
2022-12-28 09:52:40 Latest version is 1.1.9
2022-12-28 09:52:40 App is up to date.
2022-12-28 10:52:40 Checking for update using Github
2022-12-28 10:52:41 Success.
2022-12-28 10:52:41 Latest version is 1.1.9
2022-12-28 10:52:41 App is up to date.
2023-01-02 13:45:23 Loading updated app package /home/logy/.config/obsidian/obsidian-1.1.9.asar
2023-01-02 13:45:23 Checking for update using Github
2023-01-02 13:45:23 Success.
2023-01-02 13:45:23 Latest version is 1.1.9
2023-01-02 13:45:23 App is up to date.
2023-01-02 14:45:23 Checking for update using Github
2023-01-02 14:45:23 Success.
2023-01-02 14:45:23 Latest version is 1.1.9
2023-01-02 14:45:23 App is up to date.
2023-01-02 15:45:23 Checking for update using Github
2023-01-02 15:45:23 Success.
2023-01-02 15:45:23 Latest version is 1.1.9
2023-01-02 15:45:23 App is up to date.
2023-01-02 16:45:23 Checking for update using Github
2023-01-02 16:45:24 Success.
2023-01-02 16:45:24 Latest version is 1.1.9
2023-01-02 16:45:24 App is up to date.
2023-01-03 12:07:50 Loading updated app package /home/logy/.config/obsidian/obsidian-1.1.9.asar
2023-01-03 12:07:50 Checking for update using Github
2023-01-03 12:07:50 Success.
2023-01-03 12:07:50 Latest version is 1.1.9
2023-01-03 12:07:50 App is up to date.
2023-01-03 13:07:50 Checking for update using Github
2023-01-03 13:07:50 Success.
2023-01-03 13:07:50 Latest version is 1.1.9
2023-01-03 13:07:50 App is up to date.
2023-01-03 14:07:50 Checking for update using Github
2023-01-03 14:07:50 Success.
2023-01-03 14:07:50 Latest version is 1.1.9
2023-01-03 14:07:50 App is up to date.
2023-01-03 15:07:50 Checking for update using Github
2023-01-03 15:07:50 Success.
2023-01-03 15:07:50 Latest version is 1.1.9
2023-01-03 15:07:50 App is up to date.
2023-01-03 16:07:50 Checking for update using Github
2023-01-03 16:07:50 Success.
2023-01-03 16:07:50 Latest version is 1.1.9
2023-01-03 16:07:50 App is up to date.
2023-01-03 17:07:50 Checking for update using Github
2023-01-03 17:07:50 Success.
2023-01-03 17:07:50 Latest version is 1.1.9
2023-01-03 17:07:50 App is up to date.
2023-01-03 18:07:50 Checking for update using Github
2023-01-03 18:07:50 Success.
2023-01-03 18:07:50 Latest version is 1.1.9
2023-01-03 18:07:50 App is up to date.
2023-01-03 19:07:50 Checking for update using Github
2023-01-03 19:07:50 Success.
2023-01-03 19:07:50 Latest version is 1.1.9
2023-01-03 19:07:50 App is up to date.
2023-01-03 20:07:50 Checking for update using Github
2023-01-03 20:07:50 Success.
2023-01-03 20:07:50 Latest version is 1.1.9
2023-01-03 20:07:50 App is up to date.
2023-01-03 21:07:50 Checking for update using Github
2023-01-03 21:07:50 Success.
2023-01-03 21:07:50 Latest version is 1.1.9
2023-01-03 21:07:50 App is up to date.
2023-01-03 22:07:50 Checking for update using Github
2023-01-03 22:07:50 Success.
2023-01-03 22:07:50 Latest version is 1.1.9
2023-01-03 22:07:50 App is up to date.
2023-01-05 10:13:07 Loading updated app package /home/logy/.config/obsidian/obsidian-1.1.9.asar
2023-01-05 10:13:07 Checking for update using Github
2023-01-05 10:13:07 Success.
2023-01-05 10:13:07 Latest version is 1.1.9
2023-01-05 10:13:07 App is up to date.
2023-01-05 11:13:07 Checking for update using Github
2023-01-05 11:13:07 Success.
2023-01-05 11:13:07 Latest version is 1.1.9
2023-01-05 11:13:07 App is up to date.
2023-01-05 12:54:29 Checking for update using Github
2023-01-05 12:54:29 Success.
2023-01-05 12:54:29 Latest version is 1.1.9
2023-01-05 12:54:29 App is up to date.
2023-01-05 13:54:29 Checking for update using Github
2023-01-05 13:54:29 Success.
2023-01-05 13:54:29 Latest version is 1.1.9
2023-01-05 13:54:29 App is up to date.
2023-01-05 15:27:51 Checking for update using Github
2023-01-05 15:27:51 Success.
2023-01-05 15:27:51 Latest version is 1.1.9
2023-01-05 15:27:51 App is up to date.
2023-01-05 16:27:52 Checking for update using Github
2023-01-05 16:27:52 Success.
2023-01-05 16:27:52 Latest version is 1.1.9
2023-01-05 16:27:52 App is up to date.
2023-01-05 17:27:52 Checking for update using Github
2023-01-05 17:27:52 Success.
2023-01-05 17:27:52 Latest version is 1.1.9
2023-01-05 17:27:52 App is up to date.
2023-01-05 18:27:52 Checking for update using Github
2023-01-05 18:27:52 Success.
2023-01-05 18:27:52 Latest version is 1.1.9
2023-01-05 18:27:52 App is up to date.
2023-01-05 19:27:52 Checking for update using Github
2023-01-05 19:27:52 Success.
2023-01-05 19:27:52 Latest version is 1.1.9
2023-01-05 19:27:52 App is up to date.
2023-01-06 07:09:10 Checking for update using Github
2023-01-06 07:09:10 Success.
2023-01-06 07:09:10 Latest version is 1.1.9
2023-01-06 07:09:10 App is up to date.
2023-01-06 08:09:10 Checking for update using Github
2023-01-06 08:09:10 Success.
2023-01-06 08:09:10 Latest version is 1.1.9
2023-01-06 08:09:10 App is up to date.
2023-01-06 09:54:12 Checking for update using Github
2023-01-06 09:54:12 Success.
2023-01-06 09:54:12 Latest version is 1.1.9
2023-01-06 09:54:12 App is up to date.
2023-01-06 10:54:12 Checking for update using Github
2023-01-06 10:54:12 Success.
2023-01-06 10:54:12 Latest version is 1.1.9
2023-01-06 10:54:12 App is up to date.
2023-01-06 14:19:02 Checking for update using Github
2023-01-06 14:19:02 Success.
2023-01-06 14:19:02 Latest version is 1.1.9
2023-01-06 14:19:02 App is up to date.
2023-01-06 15:19:02 Checking for update using Github
2023-01-06 15:19:02 Success.
2023-01-06 15:19:02 Latest version is 1.1.9
2023-01-06 15:19:02 App is up to date.
2023-01-06 16:19:02 Checking for update using Github
2023-01-06 16:19:02 Success.
2023-01-06 16:19:02 Latest version is 1.1.9
2023-01-06 16:19:02 App is up to date.
2023-01-06 17:19:02 Checking for update using Github
2023-01-06 17:19:02 Success.
2023-01-06 17:19:02 Latest version is 1.1.9
2023-01-06 17:19:02 App is up to date.
2023-01-06 18:19:33 Checking for update using Github
2023-01-06 18:19:33 Success.
2023-01-06 18:19:33 Latest version is 1.1.9
2023-01-06 18:19:33 App is up to date.
2023-01-06 19:19:33 Checking for update using Github
2023-01-06 19:19:34 Success.
2023-01-06 19:19:34 Latest version is 1.1.9
2023-01-06 19:19:34 App is up to date.
2023-01-06 21:20:12 Checking for update using Github
2023-01-06 21:20:12 Success.
2023-01-06 21:20:12 Latest version is 1.1.9
2023-01-06 21:20:12 App is up to date.
2023-01-06 22:20:13 Checking for update using Github
2023-01-06 22:20:13 Success.
2023-01-06 22:20:13 Latest version is 1.1.9
2023-01-06 22:20:13 App is up to date.
2023-01-07 09:13:26 Checking for update using Github
2023-01-07 09:13:26 Success.
2023-01-07 09:13:26 Latest version is 1.1.9
2023-01-07 09:13:26 App is up to date.
2023-01-07 10:13:26 Checking for update using Github
2023-01-07 10:13:26 Success.
2023-01-07 10:13:26 Latest version is 1.1.9
2023-01-07 10:13:26 App is up to date.
2023-01-07 11:13:26 Checking for update using Github
2023-01-07 11:13:26 Success.
2023-01-07 11:13:26 Latest version is 1.1.9
2023-01-07 11:13:26 App is up to date.
2023-01-07 12:13:26 Checking for update using Github
2023-01-07 12:13:31 Success.
2023-01-07 12:13:31 Latest version is 1.1.9
2023-01-07 12:13:31 App is up to date.
2023-01-09 13:03:04 Loading updated app package /home/logy/.config/obsidian/obsidian-1.1.9.asar
2023-01-09 13:03:04 Checking for update using Github
2023-01-09 13:03:04 Success.
2023-01-09 13:03:04 Latest version is 1.1.9
2023-01-09 13:03:04 App is up to date.
2023-01-13 14:04:35 Loading updated app package /home/logy/.config/obsidian/obsidian-1.1.9.asar
2023-01-13 14:04:36 Checking for update using Github
2023-01-13 14:04:36 Success.
2023-01-13 14:04:36 Latest version is 1.1.9
2023-01-13 14:04:36 App is up to date.
2023-01-13 17:56:17 Checking for update using Github
2023-02-06 17:19:24 Loading updated app package /home/logy/.config/obsidian/obsidian-1.1.9.asar
2023-02-06 17:19:24 Checking for update using Github
2023-02-06 17:19:24 Success.
2023-02-06 17:19:24 Latest version is 1.1.9
2023-02-06 17:19:24 App is up to date.
2023-02-06 18:19:24 Checking for update using Github
2023-02-06 18:19:24 Success.
2023-02-06 18:19:24 Latest version is 1.1.9
2023-02-06 18:19:24 App is up to date.
2023-02-07 08:42:12 Checking for update using Github
2023-02-07 08:42:12 Success.
2023-02-07 08:42:12 Latest version is 1.1.9
2023-02-07 08:42:12 App is up to date.
2023-02-07 09:42:12 Checking for update using Github
2023-02-07 09:42:12 Success.
2023-02-07 09:42:12 Latest version is 1.1.9
2023-02-07 09:42:12 App is up to date.
2023-02-07 10:42:12 Checking for update using Github
2023-02-07 10:42:13 Success.
2023-02-07 10:42:13 Latest version is 1.1.9
2023-02-07 10:42:13 App is up to date.
2023-02-07 11:42:12 Checking for update using Github
2023-02-07 11:42:12 Success.
2023-02-07 11:42:12 Latest version is 1.1.9
2023-02-07 11:42:12 App is up to date.
2023-02-07 12:42:12 Checking for update using Github
2023-02-07 12:42:35 Success.
2023-02-07 12:42:35 Latest version is 1.1.9
2023-02-07 12:42:35 App is up to date.
2023-02-07 13:42:12 Checking for update using Github
2023-02-07 13:42:12 Success.
2023-02-07 13:42:12 Latest version is 1.1.9
2023-02-07 13:42:12 App is up to date.
2023-02-07 15:16:41 Checking for update using Github
2023-02-07 15:16:42 Success.
2023-02-07 15:16:42 Latest version is 1.1.9
2023-02-07 15:16:42 App is up to date.
2023-02-07 16:16:42 Checking for update using Github
2023-02-07 16:16:45 Success.
2023-02-07 16:16:45 Latest version is 1.1.9
2023-02-07 16:16:45 App is up to date.
2023-02-08 09:55:27 Checking for update using Github
2023-02-08 09:55:27 Success.
2023-02-08 09:55:27 Latest version is 1.1.9
2023-02-08 09:55:27 App is up to date.
2023-02-08 10:55:27 Checking for update using Github
2023-02-08 10:55:28 Success.
2023-02-08 10:55:28 Latest version is 1.1.9
2023-02-08 10:55:28 App is up to date.
2023-02-08 11:55:27 Checking for update using Github
2023-02-08 11:55:27 Success.
2023-02-08 11:55:27 Latest version is 1.1.9
2023-02-08 11:55:27 App is up to date.
2023-02-08 12:55:27 Checking for update using Github
2023-02-08 12:55:28 Success.
2023-02-08 12:55:28 Latest version is 1.1.9
2023-02-08 12:55:28 App is up to date.
2023-02-08 15:10:24 Checking for update using Github
2023-02-08 15:10:32 Success.
2023-02-08 15:10:32 Latest version is 1.1.9
2023-02-08 15:10:32 App is up to date.
2023-02-16 13:35:44 Loading updated app package /home/logy/.config/obsidian/obsidian-1.1.9.asar
2023-02-16 13:35:44 Checking for update using Github
2023-02-16 13:36:14 Failed to check for update using Github (net::ERR_TIMED_OUT)
2023-02-16 13:36:14 Checking for update using obsidian.md
2023-02-16 13:36:44 Failed to check for update using obsidian.md (net::ERR_TIMED_OUT)
2023-02-16 14:35:44 Checking for update using Github
2023-02-16 14:35:45 Success.
2023-02-16 14:35:45 Latest version is 1.1.9
2023-02-16 14:35:45 App is up to date.
2023-02-16 15:35:44 Checking for update using Github
2023-02-16 15:35:45 Success.
2023-02-16 15:35:45 Latest version is 1.1.9
2023-02-16 15:35:45 App is up to date.
2023-02-17 08:39:13 Loading updated app package /home/logy/.config/obsidian/obsidian-1.1.9.asar
2023-02-17 08:39:13 Checking for update using Github
2023-02-17 08:39:14 Success.
2023-02-17 08:39:14 Latest version is 1.1.9
2023-02-17 08:39:14 App is up to date.
2023-02-17 09:39:13 Checking for update using Github
2023-02-17 09:39:13 Success.
2023-02-17 09:39:13 Latest version is 1.1.9
2023-02-17 09:39:13 App is up to date.
2023-02-17 10:39:13 Checking for update using Github
2023-02-17 10:39:14 Success.
2023-02-17 10:39:14 Latest version is 1.1.9
2023-02-17 10:39:14 App is up to date.
2023-02-17 11:39:13 Checking for update using Github
2023-02-17 11:39:13 Success.
2023-02-17 11:39:13 Latest version is 1.1.9
2023-02-17 11:39:13 App is up to date.
2023-02-17 12:39:13 Checking for update using Github
2023-02-17 12:39:13 Success.
2023-02-17 12:39:13 Latest version is 1.1.9
2023-02-17 12:39:13 App is up to date.
2023-02-17 13:39:13 Checking for update using Github
2023-02-17 13:39:13 Success.
2023-02-17 13:39:13 Latest version is 1.1.9
2023-02-17 13:39:13 App is up to date.
2023-02-17 14:39:13 Checking for update using Github
2023-02-17 14:39:14 Success.
2023-02-17 14:39:14 Latest version is 1.1.9
2023-02-17 14:39:14 App is up to date.
2023-02-17 15:39:13 Checking for update using Github
2023-02-17 15:39:15 Success.
2023-02-17 15:39:15 Latest version is 1.1.9
2023-02-17 15:39:15 App is up to date.
2023-03-08 08:52:35 Loading main app package /usr/lib/obsidian/obsidian.asar
2023-03-08 08:52:36 Checking for update using Github
2023-03-08 08:52:36 Success.
2023-03-08 08:52:36 Latest version is 1.1.16
2023-03-08 08:52:36 Downloading update from https://github.com/obsidianmd/obsidian-releases/releases/download/v1.1.16/obsidian-1.1.16.asar.gz
2023-03-08 08:53:05 Verifying hash & signature. Size= 5766915
2023-03-08 08:53:05 Saving file
2023-03-08 08:53:05 Update complete.
2023-03-08 09:52:35 Checking for update using Github
2023-03-08 09:52:36 Success.
2023-03-08 09:52:36 Latest version is 1.1.16
2023-03-08 09:52:36 An update is already downloaded.
2023-03-08 11:00:39 Checking for update using Github
2023-03-08 11:00:39 Success.
2023-03-08 11:00:39 Latest version is 1.1.16
2023-03-08 11:00:39 An update is already downloaded.
2023-03-08 13:00:36 Checking for update using Github
2023-03-08 13:00:36 Success.
2023-03-08 13:00:36 Latest version is 1.1.16
2023-03-08 13:00:36 An update is already downloaded.
2023-03-08 14:00:36 Checking for update using Github
2023-03-08 14:00:36 Success.
2023-03-08 14:00:36 Latest version is 1.1.16
2023-03-08 14:00:36 An update is already downloaded.
2023-03-08 15:00:36 Checking for update using Github
2023-03-08 15:00:36 Success.
2023-03-08 15:00:36 Latest version is 1.1.16
2023-03-08 15:00:36 An update is already downloaded.
2023-03-09 13:34:47 Loading updated app package /home/logy/.config/obsidian/obsidian-1.1.16.asar
2023-03-09 13:34:47 Checking for update using Github
2023-03-09 13:34:47 Success.
2023-03-09 13:34:47 Latest version is 1.1.16
2023-03-09 13:34:47 App is up to date.
2023-03-09 14:34:47 Checking for update using Github
2023-03-09 14:34:48 Success.
2023-03-09 14:34:48 Latest version is 1.1.16
2023-03-09 14:34:48 App is up to date.
2023-03-09 15:34:47 Checking for update using Github
2023-03-09 15:34:47 Success.
2023-03-09 15:34:47 Latest version is 1.1.16
2023-03-09 15:34:47 App is up to date.
2023-03-14 13:14:19 Loading updated app package /home/logy/.config/obsidian/obsidian-1.1.16.asar
2023-03-14 13:14:19 Checking for update using Github
2023-03-14 13:14:20 Success.
2023-03-14 13:14:20 Latest version is 1.1.16
2023-03-14 13:14:20 App is up to date.
2023-03-14 14:14:19 Checking for update using Github
2023-03-14 14:14:20 Success.
2023-03-14 14:14:20 Latest version is 1.1.16
2023-03-14 14:14:20 App is up to date.
2023-03-14 15:19:39 Checking for update using Github
2023-03-14 15:19:40 Success.
2023-03-14 15:19:40 Latest version is 1.1.16
2023-03-14 15:19:40 App is up to date.
2023-03-15 13:50:32 Loading updated app package /home/logy/.config/obsidian/obsidian-1.1.16.asar
2023-03-15 13:50:33 Checking for update using Github
2023-03-15 13:50:33 Success.
2023-03-15 13:50:33 Latest version is 1.1.16
2023-03-15 13:50:33 App is up to date.
2023-03-15 14:50:33 Checking for update using Github
2023-03-15 14:50:50 Success.
2023-03-15 14:50:50 Latest version is 1.1.16
2023-03-15 14:50:50 App is up to date.
2023-03-15 15:53:13 Checking for update using Github
2023-03-15 15:53:13 Success.
2023-03-15 15:53:13 Latest version is 1.1.16
2023-03-15 15:53:13 App is up to date.
2023-03-29 09:23:31 Loading updated app package /home/logy/.config/obsidian/obsidian-1.1.16.asar
2023-03-29 09:23:31 Checking for update using Github
2023-03-29 09:23:32 Success.
2023-03-29 09:23:32 Latest version is 1.1.16
2023-03-29 09:23:32 App is up to date.
2023-03-29 13:00:15 Checking for update using Github
2023-03-29 13:00:16 Success.
2023-03-29 13:00:16 Latest version is 1.1.16
2023-03-29 13:00:16 App is up to date.
2023-04-04 13:15:42 Loading main app package /usr/lib/obsidian/obsidian.asar
2023-04-04 13:15:43 Checking for update using Github
2023-04-04 13:15:43 Success.
2023-04-04 13:15:43 Latest version is 1.1.16
2023-04-04 13:15:43 App is up to date.
2023-04-04 15:03:18 Checking for update using Github
2023-04-04 15:03:18 Success.
2023-04-04 15:03:18 Latest version is 1.1.16
2023-04-04 15:03:18 App is up to date.
