2023-04-04 10:15:48.847 [info] Log level: Info
2023-04-04 10:15:48.848 [info] Validating found git in: "git"
2023-04-04 10:15:48.848 [info] Using git "2.40.0" from "git"
2023-04-04 10:15:48.848 [info] > git rev-parse --show-toplevel [6ms]
2023-04-04 10:15:48.848 [info] fatal: not a git repository (or any parent up to mount point /)
Stopping at filesystem boundary (GIT_DISCOVERY_ACROSS_FILESYSTEM not set).
2023-04-04 10:15:48.849 [info] > git rev-parse --show-toplevel [37ms]
2023-04-04 10:15:48.849 [info] fatal: not a git repository (or any parent up to mount point /)
Stopping at filesystem boundary (GIT_DISCOVERY_ACROSS_FILESYSTEM not set).
2023-04-04 10:15:48.857 [info] > git rev-parse --show-toplevel [3ms]
2023-04-04 10:15:48.862 [info] > git rev-parse --git-dir --git-common-dir [2ms]
2023-04-04 10:15:48.869 [info] Open repository: /home/logy/Documents/td_parser/criterion
2023-04-04 10:15:48.879 [info] > git rev-parse --show-toplevel [6ms]
2023-04-04 10:15:48.879 [info] fatal: not a git repository (or any parent up to mount point /)
Stopping at filesystem boundary (GIT_DISCOVERY_ACROSS_FILESYSTEM not set).
2023-04-04 10:15:48.898 [info] > git config --get commit.template [19ms]
2023-04-04 10:15:48.900 [info] > git rev-parse --show-toplevel [16ms]
2023-04-04 10:15:48.900 [info] fatal: not a git repository (or any parent up to mount point /)
Stopping at filesystem boundary (GIT_DISCOVERY_ACROSS_FILESYSTEM not set).
2023-04-04 10:15:48.909 [info] > git for-each-ref --format=%(refname)%00%(upstream:short)%00%(objectname)%00%(upstream:track)%00%(upstream:remotename)%00%(upstream:remoteref) refs/heads/bleeding refs/remotes/bleeding [5ms]
2023-04-04 10:15:48.925 [info] > git status -z -uall [12ms]
2023-04-04 10:15:48.936 [info] > git config --get commit.template [4ms]
2023-04-04 10:15:48.937 [info] > git for-each-ref --format=%(refname)%00%(upstream:short)%00%(objectname)%00%(upstream:track)%00%(upstream:remotename)%00%(upstream:remoteref) refs/heads/bleeding refs/remotes/bleeding [1ms]
2023-04-04 10:15:48.947 [info] > git status -z -uall [6ms]
2023-04-04 10:15:49.410 [info] > git check-ignore -v -z --stdin [2ms]
2023-04-04 10:15:49.457 [info] > git rev-parse --show-toplevel [2ms]
2023-04-04 10:15:49.465 [info] > git rev-parse --git-dir --git-common-dir [2ms]
2023-04-04 10:15:49.470 [info] Open repository: /home/logy/Documents/td_parser/criterion/dependencies/klib
2023-04-04 10:15:49.486 [info] > git config --get commit.template [4ms]
2023-04-04 10:15:49.486 [info] > git rev-parse --show-toplevel [10ms]
2023-04-04 10:15:49.493 [info] > git rev-parse --git-dir --git-common-dir [4ms]
2023-04-04 10:15:49.496 [info] Open repository: /home/logy/Documents/td_parser/criterion/dependencies/debugbreak
2023-04-04 10:15:49.502 [info] > git for-each-ref --format %(refname) %(objectname) %(*objectname) refs/tags [9ms]
2023-04-04 10:15:49.508 [info] > git status -z -uall [1ms]
2023-04-04 10:15:49.508 [info] > git config --get commit.template [7ms]
2023-04-04 10:15:49.516 [info] > git for-each-ref --format %(refname) %(objectname) %(*objectname) refs/tags [1ms]
2023-04-04 10:15:49.520 [info] > git status -z -uall [1ms]
2023-04-04 10:15:49.995 [info] > git check-ignore -v -z --stdin [2ms]
